<?xml version="1.0" encoding="UTF-8"?>
<!-- Generated by org.testng.reporters.JUnitXMLReporter -->
<testsuite ignored="2" hostname="LAPTOP-VJHKAPE5" failures="0" tests="1" name="Default test" time="12.621" errors="0" timestamp="2022-11-30T20:06:27 IST">
  <testcase classname="com.supermarket.tests.ManageCategoryTest" name="verifyManageCategoryEditButtonFunctionality" time="6.658"/>
  <testcase classname="com.supermarket.tests.ManageCategoryTest" name="verirfyDuplicationIsNotPossibleInManageCategoryList" time="0.0">
    <ignored/>
  </testcase> <!-- verirfyDuplicationIsNotPossibleInManageCategoryList -->
  <testcase classname="com.supermarket.tests.ManageCategoryTest" name="verifyManageCategoryAddCategoryFunctionality" time="0.0">
    <ignored/>
  </testcase> <!-- verifyManageCategoryAddCategoryFunctionality -->
</testsuite> <!-- Default test -->
