<?xml version="1.0" encoding="UTF-8"?>
<testng-results ignored="2" total="3" passed="1" failed="0" skipped="0">
  <reporter-output>
  </reporter-output>
  <suite started-at="2022-11-30T20:06:14 IST" name="Default suite" finished-at="2022-11-30T20:06:27 IST" duration-ms="12621">
    <groups>
    </groups>
    <test started-at="2022-11-30T20:06:14 IST" name="Default test" finished-at="2022-11-30T20:06:27 IST" duration-ms="12621">
      <class name="com.supermarket.tests.ManageCategoryTest">
        <test-method is-config="true" signature="setUp()[pri:0, instance:com.supermarket.tests.ManageCategoryTest@506ae4d4]" started-at="2022-11-30T20:06:14 IST" name="setUp" finished-at="2022-11-30T20:06:20 IST" duration-ms="5916" status="PASS">
          <reporter-output>
          </reporter-output>
        </test-method> <!-- setUp -->
        <test-method signature="verifyManageCategoryEditButtonFunctionality()[pri:0, instance:com.supermarket.tests.ManageCategoryTest@506ae4d4]" started-at="2022-11-30T20:06:20 IST" name="verifyManageCategoryEditButtonFunctionality" finished-at="2022-11-30T20:06:27 IST" duration-ms="6658" status="PASS">
          <reporter-output>
          </reporter-output>
        </test-method> <!-- verifyManageCategoryEditButtonFunctionality -->
        <test-method is-config="true" signature="tearDown(org.testng.ITestResult)[pri:0, instance:com.supermarket.tests.ManageCategoryTest@506ae4d4]" started-at="2022-11-30T20:06:27 IST" name="tearDown" finished-at="2022-11-30T20:06:27 IST" duration-ms="3" status="PASS">
          <params>
            <param index="0">
              <value>
                <![CDATA[[TestResult name=verifyManageCategoryEditButtonFunctionality status=SUCCESS method=ManageCategoryTest.verifyManageCategoryEditButtonFunctionality()[pri:0, instance:com.supermarket.tests.ManageCategoryTest@506ae4d4] output={null}]]]>
              </value>
            </param>
          </params>
          <reporter-output>
          </reporter-output>
        </test-method> <!-- tearDown -->
      </class> <!-- com.supermarket.tests.ManageCategoryTest -->
    </test> <!-- Default test -->
  </suite> <!-- Default suite -->
</testng-results>
