<?xml version="1.0" encoding="UTF-8"?>
<!-- Generated by org.testng.reporters.JUnitXMLReporter -->
<testsuite ignored="0" hostname="LAPTOP-VJHKAPE5" failures="0" tests="7" name="Chrome" time="99.097" errors="0" timestamp="2022-11-25T21:49:47 IST">
  <testcase classname="com.supermarket.tests.LoginTest" name="verifyChecboxIsEnabled" time="0.156"/>
  <testcase classname="com.supermarket.tests.LoginTest" name="verifyInvalidLoginAlertMessage" time="0.331"/>
  <testcase classname="com.supermarket.tests.LoginTest" name="verifyLogin" time="0.819"/>
  <testcase classname="com.supermarket.tests.LoginTest" name="verifyLoginpageText" time="0.025"/>
  <testcase classname="com.supermarket.tests.LoginTest" name="verifyRememberMeTextBoxText" time="0.032"/>
  <testcase classname="com.supermarket.tests.LoginTest" name="verifyRemembermeCheckbox_isSelected" time="0.097"/>
  <testcase classname="com.supermarket.tests.LoginTest" name="verifyStaffLoginFunctionality" time="0.876"/>
</testsuite> <!-- Chrome -->
