<?xml version="1.0" encoding="UTF-8"?>
<!-- Generated by org.testng.reporters.JUnitXMLReporter -->
<testsuite ignored="0" hostname="LAPTOP-VJHKAPE5" failures="0" tests="7" name="Edge" time="77.27" errors="0" timestamp="2022-11-25T21:49:25 IST">
  <testcase classname="com.supermarket.tests.LoginTest" name="verifyChecboxIsEnabled" time="0.027"/>
  <testcase classname="com.supermarket.tests.LoginTest" name="verifyInvalidLoginAlertMessage" time="0.365"/>
  <testcase classname="com.supermarket.tests.LoginTest" name="verifyLogin" time="1.181"/>
  <testcase classname="com.supermarket.tests.LoginTest" name="verifyLoginpageText" time="0.029"/>
  <testcase classname="com.supermarket.tests.LoginTest" name="verifyRememberMeTextBoxText" time="0.031"/>
  <testcase classname="com.supermarket.tests.LoginTest" name="verifyRemembermeCheckbox_isSelected" time="0.066"/>
  <testcase classname="com.supermarket.tests.LoginTest" name="verifyStaffLoginFunctionality" time="1.718"/>
</testsuite> <!-- Edge -->
