<?xml version="1.0" encoding="UTF-8"?>
<!-- Generated by org.testng.reporters.JUnitXMLReporter -->
<testsuite ignored="0" hostname="LAPTOP-VJHKAPE5" failures="0" tests="7" name="Firefox" time="69.794" errors="0" timestamp="2022-11-25T21:49:18 IST">
  <testcase classname="com.supermarket.tests.LoginTest" name="verifyChecboxIsEnabled" time="0.036"/>
  <testcase classname="com.supermarket.tests.LoginTest" name="verifyInvalidLoginAlertMessage" time="2.955"/>
  <testcase classname="com.supermarket.tests.LoginTest" name="verifyLogin" time="1.316"/>
  <testcase classname="com.supermarket.tests.LoginTest" name="verifyLoginpageText" time="0.037"/>
  <testcase classname="com.supermarket.tests.LoginTest" name="verifyRememberMeTextBoxText" time="0.031"/>
  <testcase classname="com.supermarket.tests.LoginTest" name="verifyRemembermeCheckbox_isSelected" time="0.298"/>
  <testcase classname="com.supermarket.tests.LoginTest" name="verifyStaffLoginFunctionality" time="1.769"/>
</testsuite> <!-- Firefox -->
