<?xml version="1.0" encoding="UTF-8"?>
<!-- Generated by org.testng.reporters.JUnitXMLReporter -->
<testsuite ignored="7" hostname="LAPTOP-VJHKAPE5" failures="0" tests="2" name="sample test" time="37.919" errors="0" timestamp="2022-11-28T20:25:44 IST">
  <testcase classname="com.supermarket.tests.LoginTest" name="verifyStaffLoginFunctionality" time="2.175"/>
  <testcase classname="com.supermarket.tests.PushNotificationsTest" name="verifyPushNotificationsFunctionality" time="4.926"/>
  <testcase classname="com.supermarket.tests.LoginTest" name="verifyChecboxIsEnabled" time="0.0">
    <ignored/>
  </testcase> <!-- verifyChecboxIsEnabled -->
  <testcase classname="com.supermarket.tests.LoginTest" name="verifyRemembermeCheckbox_isSelected" time="0.0">
    <ignored/>
  </testcase> <!-- verifyRemembermeCheckbox_isSelected -->
  <testcase classname="com.supermarket.tests.LoginTest" name="verifyInvalidLoginAlertMessage" time="0.0">
    <ignored/>
  </testcase> <!-- verifyInvalidLoginAlertMessage -->
  <testcase classname="com.supermarket.tests.LoginTest" name="verifyLoginpageText" time="0.0">
    <ignored/>
  </testcase> <!-- verifyLoginpageText -->
  <testcase classname="com.supermarket.tests.LoginTest" name="verifyRememberMeCheckBoxText" time="0.0">
    <ignored/>
  </testcase> <!-- verifyRememberMeCheckBoxText -->
  <testcase classname="com.supermarket.tests.LoginTest" name="verifyLogin" time="0.0">
    <ignored/>
  </testcase> <!-- verifyLogin -->
  <testcase classname="com.supermarket.tests.PushNotificationsTest" name="verifyResetButtonFunctionality" time="0.0">
    <ignored/>
  </testcase> <!-- verifyResetButtonFunctionality -->
</testsuite> <!-- sample test -->
