<?xml version="1.0" encoding="UTF-8"?>
<!-- Generated by org.testng.reporters.JUnitXMLReporter -->
<testsuite ignored="0" hostname="LAPTOP-VJHKAPE5" failures="0" tests="9" name="Feature1" time="119.458" errors="0" timestamp="2022-11-24T21:33:01 IST">
  <testcase classname="com.supermarket.tests.LoginTest" name="verifyChecboxIsEnabled" time="0.452"/>
  <testcase classname="com.supermarket.tests.LoginTest" name="verifyInvalidLoginAlertMessage" time="4.421"/>
  <testcase classname="com.supermarket.tests.LoginTest" name="verifyLogin" time="0.571"/>
  <testcase classname="com.supermarket.tests.LoginTest" name="verifyLoginpageText" time="0.034"/>
  <testcase classname="com.supermarket.tests.LoginTest" name="verifyRememberMeTextBoxText" time="0.032"/>
  <testcase classname="com.supermarket.tests.LoginTest" name="verifyRemembermeCheckbox_isSelected" time="0.07"/>
  <testcase classname="com.supermarket.tests.LoginTest" name="verifyStaffLoginFunctionality" time="1.572"/>
  <testcase classname="com.supermarket.tests.AdminUsersTest" name="verifyAdminUserDeactivation" time="3.034"/>
  <testcase classname="com.supermarket.tests.AdminUsersTest" name="verifyCreateNewUserFunctionality" time="3.976"/>
</testsuite> <!-- Feature1 -->
