<?xml version="1.0" encoding="UTF-8"?>
<!-- Generated by org.testng.reporters.JUnitXMLReporter -->
<testsuite ignored="0" hostname="LAPTOP-VJHKAPE5" failures="0" tests="3" name="Sanity" time="24.805" errors="0" timestamp="2022-11-24T21:31:27 IST">
  <testcase classname="com.supermarket.tests.HomeTest" name="verifyColorOfBox2" time="1.35"/>
  <testcase classname="com.supermarket.tests.HomeTest" name="verifyNoOfBboxesinAdminHomePage" time="1.001"/>
  <testcase classname="com.supermarket.tests.HomeTest" name="verifyTextOfFirstBox" time="0.801"/>
</testsuite> <!-- Sanity -->
