<?xml version="1.0" encoding="UTF-8"?>
<!-- Generated by org.testng.reporters.JUnitXMLReporter -->
<testsuite ignored="0" hostname="LAPTOP-VJHKAPE5" failures="0" tests="3" name="SmokeRun" time="26.796" errors="0" timestamp="2022-11-24T21:31:29 IST">
  <testcase classname="com.supermarket.tests.HomeTest" name="verifyColorOfBox2" time="1.276"/>
  <testcase classname="com.supermarket.tests.HomeTest" name="verifyNoOfBboxesinAdminHomePage" time="1.054"/>
  <testcase classname="com.supermarket.tests.HomeTest" name="verifyTextOfFirstBox" time="1.614"/>
</testsuite> <!-- SmokeRun -->
